# JRE version: Java(TM) SE Runtime Environment (8.0_121-b13) (build 1.8.0_121-b13)
# Java VM: Java HotSpot(TM) 64-Bit Server VM (25.121-b13 mixed mode windows-amd64 compressed oops)
Heap:
 PSYoungGen      total 23040K, used 6640K [0x000000076b000000, 0x000000076cc80000, 0x00000007c0000000)
  eden space 17920K, 19% used [0x000000076b000000,0x000000076b378d78,0x000000076c180000)
  from space 5120K, 60% used [0x000000076c700000,0x000000076ca03620,0x000000076cc00000)
  to   space 5632K, 0% used [0x000000076c180000,0x000000076c180000,0x000000076c700000)
 ParOldGen       total 15360K, used 10178K [0x00000006c1000000, 0x00000006c1f00000, 0x000000076b000000)
  object space 15360K, 66% used [0x00000006c1000000,0x00000006c19f0b58,0x00000006c1f00000)
 Metaspace       used 9141K, capacity 9620K, committed 9856K, reserved 1058816K
  class space    used 1012K, capacity 1040K, committed 1152K, reserved 1048576K
GC Heap History (10 events):
Event: 3.925 GC heap before
{Heap before GC invocations=10 (full 1):
 PSYoungGen      total 13312K, used 11750K [0x000000076b000000, 0x000000076c400000, 0x00000007c0000000)
  eden space 10752K, 100% used [0x000000076b000000,0x000000076ba80000,0x000000076ba80000)
  from space 2560K, 39% used [0x000000076be80000,0x000000076bf79a50,0x000000076c100000)
  to   space 4096K, 0% used [0x000000076ba80000,0x000000076ba80000,0x000000076be80000)
 ParOldGen       total 9728K, used 5601K [0x00000006c1000000, 0x00000006c1980000, 0x000000076b000000)
  object space 9728K, 57% used [0x00000006c1000000,0x00000006c15787d8,0x00000006c1980000)
 Metaspace       used 7686K, capacity 8436K, committed 8704K, reserved 1056768K
  class space    used 911K, capacity 944K, committed 1024K, reserved 1048576K
Event: 3.993 GC heap after
Heap after GC invocations=10 (full 1):
 PSYoungGen      total 14848K, used 4080K [0x000000076b000000, 0x000000076ca00000, 0x00000007c0000000)
  eden space 10752K, 0% used [0x000000076b000000,0x000000076b000000,0x000000076ba80000)
  from space 4096K, 99% used [0x000000076ba80000,0x000000076be7c290,0x000000076be80000)
  to   space 5632K, 0% used [0x000000076c480000,0x000000076c480000,0x000000076ca00000)
 ParOldGen       total 9728K, used 7972K [0x00000006c1000000, 0x00000006c1980000, 0x000000076b000000)
  object space 9728K, 81% used [0x00000006c1000000,0x00000006c17c9158,0x00000006c1980000)
 Metaspace       used 7686K, capacity 8436K, committed 8704K, reserved 1056768K
  class space    used 911K, capacity 944K, committed 1024K, reserved 1048576K
}
Event: 3.993 GC heap before
{Heap before GC invocations=11 (full 2):
 PSYoungGen      total 14848K, used 4080K [0x000000076b000000, 0x000000076ca00000, 0x00000007c0000000)
  eden space 10752K, 0% used [0x000000076b000000,0x000000076b000000,0x000000076ba80000)
  from space 4096K, 99% used [0x000000076ba80000,0x000000076be7c290,0x000000076be80000)
  to   space 5632K, 0% used [0x000000076c480000,0x000000076c480000,0x000000076ca00000)
 ParOldGen       total 9728K, used 7972K [0x00000006c1000000, 0x00000006c1980000, 0x000000076b000000)
  object space 9728K, 81% used [0x00000006c1000000,0x00000006c17c9158,0x00000006c1980000)
 Metaspace       used 7686K, capacity 8436K, committed 8704K, reserved 1056768K
  class space    used 911K, capacity 944K, committed 1024K, reserved 1048576K
Event: 4.156 GC heap after
Heap after GC invocations=11 (full 2):
 PSYoungGen      total 14848K, used 496K [0x000000076b000000, 0x000000076ca00000, 0x00000007c0000000)
  eden space 10752K, 0% used [0x000000076b000000,0x000000076b000000,0x000000076ba80000)
  from space 4096K, 12% used [0x000000076ba80000,0x000000076bafc070,0x000000076be80000)
  to   space 5632K, 0% used [0x000000076c480000,0x000000076c480000,0x000000076ca00000)
 ParOldGen       total 15360K, used 9642K [0x00000006c1000000, 0x00000006c1f00000, 0x000000076b000000)
  object space 15360K, 62% used [0x00000006c1000000,0x00000006c196ab88,0x00000006c1f00000)
 Metaspace       used 7686K, capacity 8436K, committed 8704K, reserved 1056768K
  class space    used 911K, capacity 944K, committed 1024K, reserved 1048576K
}
Event: 4.367 GC heap before
{Heap before GC invocations=12 (full 2):
 PSYoungGen      total 14848K, used 11248K [0x000000076b000000, 0x000000076ca00000, 0x00000007c0000000)
  eden space 10752K, 100% used [0x000000076b000000,0x000000076ba80000,0x000000076ba80000)
  from space 4096K, 12% used [0x000000076ba80000,0x000000076bafc070,0x000000076be80000)
  to   space 5632K, 0% used [0x000000076c480000,0x000000076c480000,0x000000076ca00000)
 ParOldGen       total 15360K, used 9642K [0x00000006c1000000, 0x00000006c1f00000, 0x000000076b000000)
  object space 15360K, 62% used [0x00000006c1000000,0x00000006c196ab88,0x00000006c1f00000)
 Metaspace       used 7908K, capacity 8628K, committed 8960K, reserved 1056768K
  class space    used 920K, capacity 944K, committed 1024K, reserved 1048576K
Event: 4.397 GC heap after
Heap after GC invocations=12 (full 2):
 PSYoungGen      total 17920K, used 2139K [0x000000076b000000, 0x000000076c800000, 0x00000007c0000000)
  eden space 14336K, 0% used [0x000000076b000000,0x000000076b000000,0x000000076be00000)
  from space 3584K, 59% used [0x000000076c480000,0x000000076c696c78,0x000000076c800000)
  to   space 5120K, 0% used [0x000000076be00000,0x000000076be00000,0x000000076c300000)
 ParOldGen       total 15360K, used 9650K [0x00000006c1000000, 0x00000006c1f00000, 0x000000076b000000)
  object space 15360K, 62% used [0x00000006c1000000,0x00000006c196cb88,0x00000006c1f00000)
 Metaspace       used 7908K, capacity 8628K, committed 8960K, reserved 1056768K
  class space    used 920K, capacity 944K, committed 1024K, reserved 1048576K
}
Event: 5.175 GC heap before
{Heap before GC invocations=13 (full 2):
 PSYoungGen      total 17920K, used 16475K [0x000000076b000000, 0x000000076c800000, 0x00000007c0000000)
  eden space 14336K, 100% used [0x000000076b000000,0x000000076be00000,0x000000076be00000)
  from space 3584K, 59% used [0x000000076c480000,0x000000076c696c78,0x000000076c800000)
  to   space 5120K, 0% used [0x000000076be00000,0x000000076be00000,0x000000076c300000)
 ParOldGen       total 15360K, used 9650K [0x00000006c1000000, 0x00000006c1f00000, 0x000000076b000000)
  object space 15360K, 62% used [0x00000006c1000000,0x00000006c196cb88,0x00000006c1f00000)
 Metaspace       used 9007K, capacity 9492K, committed 9856K, reserved 1058816K
  class space    used 1008K, capacity 1040K, committed 1152K, reserved 1048576K
Event: 5.186 GC heap after
Heap after GC invocations=13 (full 2):
 PSYoungGen      total 19456K, used 2788K [0x000000076b000000, 0x000000076cc00000, 0x00000007c0000000)
  eden space 14336K, 0% used [0x000000076b000000,0x000000076b000000,0x000000076be00000)
  from space 5120K, 54% used [0x000000076be00000,0x000000076c0b92e8,0x000000076c300000)
  to   space 5120K, 0% used [0x000000076c700000,0x000000076c700000,0x000000076cc00000)
 ParOldGen       total 15360K, used 10170K [0x00000006c1000000, 0x00000006c1f00000, 0x000000076b000000)
  object space 15360K, 66% used [0x00000006c1000000,0x00000006c19eeb58,0x00000006c1f00000)
 Metaspace       used 9007K, capacity 9492K, committed 9856K, reserved 1058816K
  class space    used 1008K, capacity 1040K, committed 1152K, reserved 1048576K
}
Event: 5.655 GC heap before
{Heap before GC invocations=14 (full 2):
 PSYoungGen      total 19456K, used 17124K [0x000000076b000000, 0x000000076cc00000, 0x00000007c0000000)
  eden space 14336K, 100% used [0x000000076b000000,0x000000076be00000,0x000000076be00000)
  from space 5120K, 54% used [0x000000076be00000,0x000000076c0b92e8,0x000000076c300000)
  to   space 5120K, 0% used [0x000000076c700000,0x000000076c700000,0x000000076cc00000)
 ParOldGen       total 15360K, used 10170K [0x00000006c1000000, 0x00000006c1f00000, 0x000000076b000000)
  object space 15360K, 66% used [0x00000006c1000000,0x00000006c19eeb58,0x00000006c1f00000)
 Metaspace       used 9127K, capacity 9620K, committed 9856K, reserved 1058816K
  class space    used 1012K, capacity 1040K, committed 1152K, reserved 1048576K
Event: 5.663 GC heap after
Heap after GC invocations=14 (full 2):
 PSYoungGen      total 23040K, used 3085K [0x000000076b000000, 0x000000076cc80000, 0x00000007c0000000)
  eden space 17920K, 0% used [0x000000076b000000,0x000000076b000000,0x000000076c180000)
  from space 5120K, 60% used [0x000000076c700000,0x000000076ca03620,0x000000076cc00000)
  to   space 5632K, 0% used [0x000000076c180000,0x000000076c180000,0x000000076c700000)
 ParOldGen       total 15360K, used 10178K [0x00000006c1000000, 0x00000006c1f00000, 0x000000076b000000)
  object space 15360K, 66% used [0x00000006c1000000,0x00000006c19f0b58,0x00000006c1f00000)
 Metaspace       used 9127K, capacity 9620K, committed 9856K, reserved 1058816K
  class space    used 1012K, capacity 1040K, committed 1152K, reserved 1048576K
}

